0 info it worked if it ends with ok
1 verbose cli [ 'node', '/usr/local/bin/npm', 'run', 'watch' ]
2 info using npm@3.9.2
3 info using node@v0.10.29
4 verbose node symlink /usr/bin/node
5 verbose stack Error: Failed to parse json
5 verbose stack Unexpected token 'a' at 30:6
5 verbose stack     "app": "global:app"
5 verbose stack      ^
5 verbose stack     at parseError (/usr/local/lib/node_modules/npm/node_modules/read-package-json/read-json.js:390:11)
5 verbose stack     at parseJson (/usr/local/lib/node_modules/npm/node_modules/read-package-json/read-json.js:79:23)
5 verbose stack     at /usr/local/lib/node_modules/npm/node_modules/read-package-json/read-json.js:48:5
5 verbose stack     at /usr/local/lib/node_modules/npm/node_modules/graceful-fs/graceful-fs.js:78:16
5 verbose stack     at fs.js:272:14
5 verbose stack     at /usr/local/lib/node_modules/npm/node_modules/graceful-fs/graceful-fs.js:43:10
5 verbose stack     at Object.oncomplete (fs.js:107:15)
6 verbose cwd /home/pi/Desktop/iot_application/sensor
7 error Linux 4.4.11-v7+
8 error argv "node" "/usr/local/bin/npm" "run" "watch"
9 error node v0.10.29
10 error npm  v3.9.2
11 error file /home/pi/Desktop/iot_application/sensor/package.json
12 error code EJSONPARSE
13 error Failed to parse json
13 error Unexpected token 'a' at 30:6
13 error     "app": "global:app"
13 error      ^
14 error File: /home/pi/Desktop/iot_application/sensor/package.json
15 error Failed to parse package.json data.
15 error package.json must be actual JSON, not just JavaScript.
15 error
15 error This is not a bug in npm.
15 error Tell the package author to fix their package.json file. JSON.parse
16 verbose exit [ 1, true ]
